<?xml version="1.0" encoding="UTF-8"?>
<testng-results skipped="0" failed="0" ignored="0" total="1" passed="1">
  <reporter-output>
  </reporter-output>
  <suite name="Default suite" duration-ms="16333" started-at="2018-03-08T08:49:11Z" finished-at="2018-03-08T08:49:27Z">
    <groups>
    </groups>
    <test name="Default test" duration-ms="16333" started-at="2018-03-08T08:49:11Z" finished-at="2018-03-08T08:49:27Z">
      <class name="GooglePackage.GoogleTest">
        <test-method status="PASS" signature="runGoogle()[pri:0, instance:GooglePackage.GoogleTest@26be92ad]" name="runGoogle" duration-ms="16300" started-at="2018-03-08T08:49:11Z" finished-at="2018-03-08T08:49:27Z">
          <reporter-output>
          </reporter-output>
        </test-method> <!-- runGoogle -->
      </class> <!-- GooglePackage.GoogleTest -->
    </test> <!-- Default test -->
  </suite> <!-- Default suite -->
</testng-results>
